<?xml version="1.0" encoding="UTF-8"?>
<testng-results ignored="0" total="1" passed="1" failed="0" skipped="0">
  <reporter-output>
  </reporter-output>
  <suite started-at="2022-09-07T11:23:16 IST" name="Default suite" finished-at="2022-09-07T11:26:29 IST" duration-ms="192435">
    <groups>
    </groups>
    <test started-at="2022-09-07T11:23:16 IST" name="Default test" finished-at="2022-09-07T11:26:29 IST" duration-ms="192435">
      <class name="otter.Automation.DemoPro1.TestCase1">
        <test-method is-config="true" signature="openBrowser()[pri:0, instance:otter.Automation.DemoPro1.TestCase1@793f29ff]" started-at="2022-09-07T11:23:16 IST" name="openBrowser" finished-at="2022-09-07T11:23:23 IST" duration-ms="7179" status="PASS">
          <reporter-output>
          </reporter-output>
        </test-method> <!-- openBrowser -->
        <test-method signature="testflow()[pri:0, instance:otter.Automation.DemoPro1.TestCase1@793f29ff]" started-at="2022-09-07T11:23:23 IST" name="testflow" finished-at="2022-09-07T11:26:28 IST" duration-ms="184704" status="PASS">
          <reporter-output>
          </reporter-output>
        </test-method> <!-- testflow -->
        <test-method is-config="true" signature="quit()[pri:0, instance:otter.Automation.DemoPro1.TestCase1@793f29ff]" started-at="2022-09-07T11:26:28 IST" name="quit" finished-at="2022-09-07T11:26:29 IST" duration-ms="501" status="PASS">
          <reporter-output>
          </reporter-output>
        </test-method> <!-- quit -->
      </class> <!-- otter.Automation.DemoPro1.TestCase1 -->
    </test> <!-- Default test -->
  </suite> <!-- Default suite -->
</testng-results>
